Arguments: 
  /Users/ameco/.nvm/versions/node/v19.7.0/bin/node /Users/ameco/.node/corepack/yarn/1.22.15/bin/yarn.js add buildpacks

PATH: 
  ./bin:./node_modules/.bin:/Users/ameco/.nvm/versions/node/v19.7.0/bin:/Users/ameco/.rbenv/shims:/Users/ameco/.rbenv/bin:/Users/ameco/.pyenv/bin:/usr/local/bin:/usr/bin:/bin:/usr/sbin:/sbin:/Library/Apple/usr/bin:/usr/local/sbin

Yarn version: 
  1.22.15

Node version: 
  19.7.0

Platform: 
  darwin x64

Trace: 
  Error: https://registry.yarnpkg.com/buildpacks: Not found
      at params.callback [as _callback] (/Users/ameco/.node/corepack/yarn/1.22.15/lib/cli.js:66140:18)
      at self.callback (/Users/ameco/.node/corepack/yarn/1.22.15/lib/cli.js:140885:22)
      at Request.emit (node:events:512:28)
      at Request.<anonymous> (/Users/ameco/.node/corepack/yarn/1.22.15/lib/cli.js:141857:10)
      at Request.emit (node:events:512:28)
      at IncomingMessage.<anonymous> (/Users/ameco/.node/corepack/yarn/1.22.15/lib/cli.js:141779:12)
      at Object.onceWrapper (node:events:626:28)
      at IncomingMessage.emit (node:events:524:35)
      at endReadableNT (node:internal/streams/readable:1359:12)
      at process.processTicksAndRejections (node:internal/process/task_queues:82:21)

npm manifest: 
  {
    "dependencies": {
      "buildpack": "^0.0.1",
      "swiper": "^9.0.5"
    }
  }

yarn manifest: 
  No manifest

Lockfile: 
  # THIS IS AN AUTOGENERATED FILE. DO NOT EDIT THIS FILE DIRECTLY.
  # yarn lockfile v1
  
  
  ssr-window@^4.0.2:
    version "4.0.2"
    resolved "https://registry.yarnpkg.com/ssr-window/-/ssr-window-4.0.2.tgz#dc6b3ee37be86ac0e3ddc60030f7b3bc9b8553be"
    integrity sha512-ISv/Ch+ig7SOtw7G2+qkwfVASzazUnvlDTwypdLoPoySv+6MqlOV10VwPSE6EWkGjhW50lUmghPmpYZXMu/+AQ==
  
  swiper@^9.0.5:
    version "9.0.5"
    resolved "https://registry.yarnpkg.com/swiper/-/swiper-9.0.5.tgz#cd6b6520d2431e3809f51fb8682f5a37e8295e4a"
    integrity sha512-UiLQ5fvn8L3ZZpaPa+9oiwKwhVGQt5TVc0UuXxFKHyTQe8g2E3vbPMiMfIGb6NhNGj5ntsSDyyNgg4qVmWlJkQ==
    dependencies:
      ssr-window "^4.0.2"
